<?xml version="1.0" encoding="UTF-8"?>
<testsuite xmlns:xsi="http://www.w3.org/2001/XMLSchema-instance" xsi:noNamespaceSchemaLocation="https://maven.apache.org/surefire/maven-surefire-plugin/xsd/surefire-test-report-3.0.xsd" version="3.0" name="com.gisiona.serviceuploadarquivos3.ServiceUploadArquivoS3ApplicationTests" time="5.885" tests="1" errors="0" skipped="0" failures="0">
  <properties>
    <property name="java.specification.version" value="19"/>
    <property name="sun.cpu.isalist" value="amd64"/>
    <property name="sun.jnu.encoding" value="Cp1252"/>
    <property name="java.class.path" value="D:\workarea\github\service-upload-arquivo-s3\target\test-classes;D:\workarea\github\service-upload-arquivo-s3\target\classes;C:\Users\gil-r\.m2\repository\org\springframework\boot\spring-boot-starter-web\3.1.2\spring-boot-starter-web-3.1.2.jar;C:\Users\gil-r\.m2\repository\org\springframework\boot\spring-boot-starter\3.1.2\spring-boot-starter-3.1.2.jar;C:\Users\gil-r\.m2\repository\org\springframework\boot\spring-boot\3.1.2\spring-boot-3.1.2.jar;C:\Users\gil-r\.m2\repository\org\springframework\boot\spring-boot-autoconfigure\3.1.2\spring-boot-autoconfigure-3.1.2.jar;C:\Users\gil-r\.m2\repository\org\springframework\boot\spring-boot-starter-logging\3.1.2\spring-boot-starter-logging-3.1.2.jar;C:\Users\gil-r\.m2\repository\ch\qos\logback\logback-classic\1.4.8\logback-classic-1.4.8.jar;C:\Users\gil-r\.m2\repository\ch\qos\logback\logback-core\1.4.8\logback-core-1.4.8.jar;C:\Users\gil-r\.m2\repository\org\apache\logging\log4j\log4j-to-slf4j\2.20.0\log4j-to-slf4j-2.20.0.jar;C:\Users\gil-r\.m2\repository\org\apache\logging\log4j\log4j-api\2.20.0\log4j-api-2.20.0.jar;C:\Users\gil-r\.m2\repository\org\slf4j\jul-to-slf4j\2.0.7\jul-to-slf4j-2.0.7.jar;C:\Users\gil-r\.m2\repository\jakarta\annotation\jakarta.annotation-api\2.1.1\jakarta.annotation-api-2.1.1.jar;C:\Users\gil-r\.m2\repository\org\yaml\snakeyaml\1.33\snakeyaml-1.33.jar;C:\Users\gil-r\.m2\repository\org\springframework\boot\spring-boot-starter-json\3.1.2\spring-boot-starter-json-3.1.2.jar;C:\Users\gil-r\.m2\repository\com\fasterxml\jackson\datatype\jackson-datatype-jdk8\2.15.2\jackson-datatype-jdk8-2.15.2.jar;C:\Users\gil-r\.m2\repository\com\fasterxml\jackson\datatype\jackson-datatype-jsr310\2.15.2\jackson-datatype-jsr310-2.15.2.jar;C:\Users\gil-r\.m2\repository\com\fasterxml\jackson\module\jackson-module-parameter-names\2.15.2\jackson-module-parameter-names-2.15.2.jar;C:\Users\gil-r\.m2\repository\org\springframework\boot\spring-boot-starter-tomcat\3.1.2\spring-boot-starter-tomcat-3.1.2.jar;C:\Users\gil-r\.m2\repository\org\apache\tomcat\embed\tomcat-embed-core\10.1.11\tomcat-embed-core-10.1.11.jar;C:\Users\gil-r\.m2\repository\org\apache\tomcat\embed\tomcat-embed-el\10.1.11\tomcat-embed-el-10.1.11.jar;C:\Users\gil-r\.m2\repository\org\apache\tomcat\embed\tomcat-embed-websocket\10.1.11\tomcat-embed-websocket-10.1.11.jar;C:\Users\gil-r\.m2\repository\org\springframework\spring-web\6.0.11\spring-web-6.0.11.jar;C:\Users\gil-r\.m2\repository\org\springframework\spring-beans\6.0.11\spring-beans-6.0.11.jar;C:\Users\gil-r\.m2\repository\io\micrometer\micrometer-observation\1.11.2\micrometer-observation-1.11.2.jar;C:\Users\gil-r\.m2\repository\io\micrometer\micrometer-commons\1.11.2\micrometer-commons-1.11.2.jar;C:\Users\gil-r\.m2\repository\org\springframework\spring-webmvc\6.0.11\spring-webmvc-6.0.11.jar;C:\Users\gil-r\.m2\repository\org\springframework\spring-aop\6.0.11\spring-aop-6.0.11.jar;C:\Users\gil-r\.m2\repository\org\springframework\spring-context\6.0.11\spring-context-6.0.11.jar;C:\Users\gil-r\.m2\repository\org\springframework\spring-expression\6.0.11\spring-expression-6.0.11.jar;C:\Users\gil-r\.m2\repository\org\springframework\cloud\spring-cloud-starter-config\4.0.4\spring-cloud-starter-config-4.0.4.jar;C:\Users\gil-r\.m2\repository\org\springframework\cloud\spring-cloud-starter\4.0.4\spring-cloud-starter-4.0.4.jar;C:\Users\gil-r\.m2\repository\org\springframework\cloud\spring-cloud-context\4.0.4\spring-cloud-context-4.0.4.jar;C:\Users\gil-r\.m2\repository\org\springframework\security\spring-security-crypto\6.1.2\spring-security-crypto-6.1.2.jar;C:\Users\gil-r\.m2\repository\org\springframework\cloud\spring-cloud-commons\4.0.4\spring-cloud-commons-4.0.4.jar;C:\Users\gil-r\.m2\repository\org\springframework\security\spring-security-rsa\1.0.12.RELEASE\spring-security-rsa-1.0.12.RELEASE.jar;C:\Users\gil-r\.m2\repository\org\bouncycastle\bcpkix-jdk18on\1.73\bcpkix-jdk18on-1.73.jar;C:\Users\gil-r\.m2\repository\org\bouncycastle\bcprov-jdk18on\1.73\bcprov-jdk18on-1.73.jar;C:\Users\gil-r\.m2\repository\org\bouncycastle\bcutil-jdk18on\1.73\bcutil-jdk18on-1.73.jar;C:\Users\gil-r\.m2\repository\org\springframework\cloud\spring-cloud-config-client\4.0.4\spring-cloud-config-client-4.0.4.jar;C:\Users\gil-r\.m2\repository\com\fasterxml\jackson\core\jackson-annotations\2.15.2\jackson-annotations-2.15.2.jar;C:\Users\gil-r\.m2\repository\org\apache\httpcomponents\client5\httpclient5\5.2.1\httpclient5-5.2.1.jar;C:\Users\gil-r\.m2\repository\org\apache\httpcomponents\core5\httpcore5\5.2.2\httpcore5-5.2.2.jar;C:\Users\gil-r\.m2\repository\org\apache\httpcomponents\core5\httpcore5-h2\5.2.2\httpcore5-h2-5.2.2.jar;C:\Users\gil-r\.m2\repository\com\fasterxml\jackson\core\jackson-databind\2.15.2\jackson-databind-2.15.2.jar;C:\Users\gil-r\.m2\repository\com\fasterxml\jackson\core\jackson-core\2.15.2\jackson-core-2.15.2.jar;C:\Users\gil-r\.m2\repository\com\amazonaws\aws-java-sdk\1.11.486\aws-java-sdk-1.11.486.jar;C:\Users\gil-r\.m2\repository\com\amazonaws\aws-java-sdk-backup\1.11.486\aws-java-sdk-backup-1.11.486.jar;C:\Users\gil-r\.m2\repository\com\amazonaws\jmespath-java\1.11.486\jmespath-java-1.11.486.jar;C:\Users\gil-r\.m2\repository\com\amazonaws\aws-java-sdk-docdb\1.11.486\aws-java-sdk-docdb-1.11.486.jar;C:\Users\gil-r\.m2\repository\com\amazonaws\aws-java-sdk-apigatewayv2\1.11.486\aws-java-sdk-apigatewayv2-1.11.486.jar;C:\Users\gil-r\.m2\repository\com\amazonaws\aws-java-sdk-apigatewaymanagementapi\1.11.486\aws-java-sdk-apigatewaymanagementapi-1.11.486.jar;C:\Users\gil-r\.m2\repository\com\amazonaws\aws-java-sdk-kafka\1.11.486\aws-java-sdk-kafka-1.11.486.jar;C:\Users\gil-r\.m2\repository\com\amazonaws\aws-java-sdk-appmesh\1.11.486\aws-java-sdk-appmesh-1.11.486.jar;C:\Users\gil-r\.m2\repository\com\amazonaws\aws-java-sdk-licensemanager\1.11.486\aws-java-sdk-licensemanager-1.11.486.jar;C:\Users\gil-r\.m2\repository\com\amazonaws\aws-java-sdk-securityhub\1.11.486\aws-java-sdk-securityhub-1.11.486.jar;C:\Users\gil-r\.m2\repository\com\amazonaws\aws-java-sdk-fsx\1.11.486\aws-java-sdk-fsx-1.11.486.jar;C:\Users\gil-r\.m2\repository\com\amazonaws\aws-java-sdk-mediaconnect\1.11.486\aws-java-sdk-mediaconnect-1.11.486.jar;C:\Users\gil-r\.m2\repository\com\amazonaws\aws-java-sdk-kinesisanalyticsv2\1.11.486\aws-java-sdk-kinesisanalyticsv2-1.11.486.jar;C:\Users\gil-r\.m2\repository\com\amazonaws\aws-java-sdk-comprehendmedical\1.11.486\aws-java-sdk-comprehendmedical-1.11.486.jar;C:\Users\gil-r\.m2\repository\com\amazonaws\aws-java-sdk-globalaccelerator\1.11.486\aws-java-sdk-globalaccelerator-1.11.486.jar;C:\Users\gil-r\.m2\repository\com\amazonaws\aws-java-sdk-transfer\1.11.486\aws-java-sdk-transfer-1.11.486.jar;C:\Users\gil-r\.m2\repository\com\amazonaws\aws-java-sdk-datasync\1.11.486\aws-java-sdk-datasync-1.11.486.jar;C:\Users\gil-r\.m2\repository\com\amazonaws\aws-java-sdk-robomaker\1.11.486\aws-java-sdk-robomaker-1.11.486.jar;C:\Users\gil-r\.m2\repository\com\amazonaws\aws-java-sdk-amplify\1.11.486\aws-java-sdk-amplify-1.11.486.jar;C:\Users\gil-r\.m2\repository\com\amazonaws\aws-java-sdk-quicksight\1.11.486\aws-java-sdk-quicksight-1.11.486.jar;C:\Users\gil-r\.m2\repository\com\amazonaws\aws-java-sdk-rdsdata\1.11.486\aws-java-sdk-rdsdata-1.11.486.jar;C:\Users\gil-r\.m2\repository\com\amazonaws\aws-java-sdk-route53resolver\1.11.486\aws-java-sdk-route53resolver-1.11.486.jar;C:\Users\gil-r\.m2\repository\com\amazonaws\aws-java-sdk-ram\1.11.486\aws-java-sdk-ram-1.11.486.jar;C:\Users\gil-r\.m2\repository\com\amazonaws\aws-java-sdk-s3control\1.11.486\aws-java-sdk-s3control-1.11.486.jar;C:\Users\gil-r\.m2\repository\com\amazonaws\aws-java-sdk-pinpointsmsvoice\1.11.486\aws-java-sdk-pinpointsmsvoice-1.11.486.jar;C:\Users\gil-r\.m2\repository\com\amazonaws\aws-java-sdk-pinpointemail\1.11.486\aws-java-sdk-pinpointemail-1.11.486.jar;C:\Users\gil-r\.m2\repository\com\amazonaws\aws-java-sdk-chime\1.11.486\aws-java-sdk-chime-1.11.486.jar;C:\Users\gil-r\.m2\repository\com\amazonaws\aws-java-sdk-signer\1.11.486\aws-java-sdk-signer-1.11.486.jar;C:\Users\gil-r\.m2\repository\com\amazonaws\aws-java-sdk-dlm\1.11.486\aws-java-sdk-dlm-1.11.486.jar;C:\Users\gil-r\.m2\repository\com\amazonaws\aws-java-sdk-macie\1.11.486\aws-java-sdk-macie-1.11.486.jar;C:\Users\gil-r\.m2\repository\com\amazonaws\aws-java-sdk-eks\1.11.486\aws-java-sdk-eks-1.11.486.jar;C:\Users\gil-r\.m2\repository\com\amazonaws\aws-java-sdk-mediatailor\1.11.486\aws-java-sdk-mediatailor-1.11.486.jar;C:\Users\gil-r\.m2\repository\com\amazonaws\aws-java-sdk-neptune\1.11.486\aws-java-sdk-neptune-1.11.486.jar;C:\Users\gil-r\.m2\repository\com\amazonaws\aws-java-sdk-pi\1.11.486\aws-java-sdk-pi-1.11.486.jar;C:\Users\gil-r\.m2\repository\com\amazonaws\aws-java-sdk-iot1clickprojects\1.11.486\aws-java-sdk-iot1clickprojects-1.11.486.jar;C:\Users\gil-r\.m2\repository\com\amazonaws\aws-java-sdk-iot1clickdevices\1.11.486\aws-java-sdk-iot1clickdevices-1.11.486.jar;C:\Users\gil-r\.m2\repository\com\amazonaws\aws-java-sdk-iotanalytics\1.11.486\aws-java-sdk-iotanalytics-1.11.486.jar;C:\Users\gil-r\.m2\repository\com\amazonaws\aws-java-sdk-acmpca\1.11.486\aws-java-sdk-acmpca-1.11.486.jar;C:\Users\gil-r\.m2\repository\com\amazonaws\aws-java-sdk-secretsmanager\1.11.486\aws-java-sdk-secretsmanager-1.11.486.jar;C:\Users\gil-r\.m2\repository\com\amazonaws\aws-java-sdk-fms\1.11.486\aws-java-sdk-fms-1.11.486.jar;C:\Users\gil-r\.m2\repository\com\amazonaws\aws-java-sdk-connect\1.11.486\aws-java-sdk-connect-1.11.486.jar;C:\Users\gil-r\.m2\repository\com\amazonaws\aws-java-sdk-transcribe\1.11.486\aws-java-sdk-transcribe-1.11.486.jar;C:\Users\gil-r\.m2\repository\com\amazonaws\aws-java-sdk-autoscalingplans\1.11.486\aws-java-sdk-autoscalingplans-1.11.486.jar;C:\Users\gil-r\.m2\repository\com\amazonaws\aws-java-sdk-workmail\1.11.486\aws-java-sdk-workmail-1.11.486.jar;C:\Users\gil-r\.m2\repository\com\amazonaws\aws-java-sdk-servicediscovery\1.11.486\aws-java-sdk-servicediscovery-1.11.486.jar;C:\Users\gil-r\.m2\repository\com\amazonaws\aws-java-sdk-cloud9\1.11.486\aws-java-sdk-cloud9-1.11.486.jar;C:\Users\gil-r\.m2\repository\com\amazonaws\aws-java-sdk-serverlessapplicationrepository\1.11.486\aws-java-sdk-serverlessapplicationrepository-1.11.486.jar;C:\Users\gil-r\.m2\repository\com\amazonaws\aws-java-sdk-alexaforbusiness\1.11.486\aws-java-sdk-alexaforbusiness-1.11.486.jar;C:\Users\gil-r\.m2\repository\com\amazonaws\aws-java-sdk-resourcegroups\1.11.486\aws-java-sdk-resourcegroups-1.11.486.jar;C:\Users\gil-r\.m2\repository\com\amazonaws\aws-java-sdk-comprehend\1.11.486\aws-java-sdk-comprehend-1.11.486.jar;C:\Users\gil-r\.m2\repository\com\amazonaws\aws-java-sdk-translate\1.11.486\aws-java-sdk-translate-1.11.486.jar;C:\Users\gil-r\.m2\repository\com\amazonaws\aws-java-sdk-sagemaker\1.11.486\aws-java-sdk-sagemaker-1.11.486.jar;C:\Users\gil-r\.m2\repository\com\amazonaws\aws-java-sdk-iotjobsdataplane\1.11.486\aws-java-sdk-iotjobsdataplane-1.11.486.jar;C:\Users\gil-r\.m2\repository\com\amazonaws\aws-java-sdk-sagemakerruntime\1.11.486\aws-java-sdk-sagemakerruntime-1.11.486.jar;C:\Users\gil-r\.m2\repository\com\amazonaws\aws-java-sdk-kinesisvideo\1.11.486\aws-java-sdk-kinesisvideo-1.11.486.jar;C:\Users\gil-r\.m2\repository\io\netty\netty-codec-http\4.1.94.Final\netty-codec-http-4.1.94.Final.jar;C:\Users\gil-r\.m2\repository\io\netty\netty-common\4.1.94.Final\netty-common-4.1.94.Final.jar;C:\Users\gil-r\.m2\repository\io\netty\netty-buffer\4.1.94.Final\netty-buffer-4.1.94.Final.jar;C:\Users\gil-r\.m2\repository\io\netty\netty-transport\4.1.94.Final\netty-transport-4.1.94.Final.jar;C:\Users\gil-r\.m2\repository\io\netty\netty-codec\4.1.94.Final\netty-codec-4.1.94.Final.jar;C:\Users\gil-r\.m2\repository\io\netty\netty-handler\4.1.94.Final\netty-handler-4.1.94.Final.jar;C:\Users\gil-r\.m2\repository\io\netty\netty-resolver\4.1.94.Final\netty-resolver-4.1.94.Final.jar;C:\Users\gil-r\.m2\repository\io\netty\netty-transport-native-unix-common\4.1.94.Final\netty-transport-native-unix-common-4.1.94.Final.jar;C:\Users\gil-r\.m2\repository\com\amazonaws\aws-java-sdk-appsync\1.11.486\aws-java-sdk-appsync-1.11.486.jar;C:\Users\gil-r\.m2\repository\com\amazonaws\aws-java-sdk-guardduty\1.11.486\aws-java-sdk-guardduty-1.11.486.jar;C:\Users\gil-r\.m2\repository\com\amazonaws\aws-java-sdk-mq\1.11.486\aws-java-sdk-mq-1.11.486.jar;C:\Users\gil-r\.m2\repository\com\amazonaws\aws-java-sdk-mediaconvert\1.11.486\aws-java-sdk-mediaconvert-1.11.486.jar;C:\Users\gil-r\.m2\repository\com\amazonaws\aws-java-sdk-mediastore\1.11.486\aws-java-sdk-mediastore-1.11.486.jar;C:\Users\gil-r\.m2\repository\com\amazonaws\aws-java-sdk-mediastoredata\1.11.486\aws-java-sdk-mediastoredata-1.11.486.jar;C:\Users\gil-r\.m2\repository\com\amazonaws\aws-java-sdk-medialive\1.11.486\aws-java-sdk-medialive-1.11.486.jar;C:\Users\gil-r\.m2\repository\com\amazonaws\aws-java-sdk-mediapackage\1.11.486\aws-java-sdk-mediapackage-1.11.486.jar;C:\Users\gil-r\.m2\repository\com\amazonaws\aws-java-sdk-costexplorer\1.11.486\aws-java-sdk-costexplorer-1.11.486.jar;C:\Users\gil-r\.m2\repository\com\amazonaws\aws-java-sdk-pricing\1.11.486\aws-java-sdk-pricing-1.11.486.jar;C:\Users\gil-r\.m2\repository\com\amazonaws\aws-java-sdk-mobile\1.11.486\aws-java-sdk-mobile-1.11.486.jar;C:\Users\gil-r\.m2\repository\com\amazonaws\aws-java-sdk-cloudhsmv2\1.11.486\aws-java-sdk-cloudhsmv2-1.11.486.jar;C:\Users\gil-r\.m2\repository\com\amazonaws\aws-java-sdk-glue\1.11.486\aws-java-sdk-glue-1.11.486.jar;C:\Users\gil-r\.m2\repository\com\amazonaws\aws-java-sdk-migrationhub\1.11.486\aws-java-sdk-migrationhub-1.11.486.jar;C:\Users\gil-r\.m2\repository\com\amazonaws\aws-java-sdk-dax\1.11.486\aws-java-sdk-dax-1.11.486.jar;C:\Users\gil-r\.m2\repository\com\amazonaws\aws-java-sdk-greengrass\1.11.486\aws-java-sdk-greengrass-1.11.486.jar;C:\Users\gil-r\.m2\repository\com\amazonaws\aws-java-sdk-athena\1.11.486\aws-java-sdk-athena-1.11.486.jar;C:\Users\gil-r\.m2\repository\com\amazonaws\aws-java-sdk-marketplaceentitlement\1.11.486\aws-java-sdk-marketplaceentitlement-1.11.486.jar;C:\Users\gil-r\.m2\repository\com\amazonaws\aws-java-sdk-codestar\1.11.486\aws-java-sdk-codestar-1.11.486.jar;C:\Users\gil-r\.m2\repository\com\amazonaws\aws-java-sdk-lexmodelbuilding\1.11.486\aws-java-sdk-lexmodelbuilding-1.11.486.jar;C:\Users\gil-r\.m2\repository\com\amazonaws\aws-java-sdk-resourcegroupstaggingapi\1.11.486\aws-java-sdk-resourcegroupstaggingapi-1.11.486.jar;C:\Users\gil-r\.m2\repository\com\amazonaws\aws-java-sdk-pinpoint\1.11.486\aws-java-sdk-pinpoint-1.11.486.jar;C:\Users\gil-r\.m2\repository\com\amazonaws\aws-java-sdk-xray\1.11.486\aws-java-sdk-xray-1.11.486.jar;C:\Users\gil-r\.m2\repository\com\amazonaws\aws-java-sdk-opsworkscm\1.11.486\aws-java-sdk-opsworkscm-1.11.486.jar;C:\Users\gil-r\.m2\repository\com\amazonaws\aws-java-sdk-support\1.11.486\aws-java-sdk-support-1.11.486.jar;C:\Users\gil-r\.m2\repository\com\amazonaws\aws-java-sdk-simpledb\1.11.486\aws-java-sdk-simpledb-1.11.486.jar;C:\Users\gil-r\.m2\repository\com\amazonaws\aws-java-sdk-servicecatalog\1.11.486\aws-java-sdk-servicecatalog-1.11.486.jar;C:\Users\gil-r\.m2\repository\com\amazonaws\aws-java-sdk-servermigration\1.11.486\aws-java-sdk-servermigration-1.11.486.jar;C:\Users\gil-r\.m2\repository\com\amazonaws\aws-java-sdk-simpleworkflow\1.11.486\aws-java-sdk-simpleworkflow-1.11.486.jar;C:\Users\gil-r\.m2\repository\com\amazonaws\aws-java-sdk-storagegateway\1.11.486\aws-java-sdk-storagegateway-1.11.486.jar;C:\Users\gil-r\.m2\repository\com\amazonaws\aws-java-sdk-route53\1.11.486\aws-java-sdk-route53-1.11.486.jar;C:\Users\gil-r\.m2\repository\com\amazonaws\aws-java-sdk-s3\1.11.486\aws-java-sdk-s3-1.11.486.jar;C:\Users\gil-r\.m2\repository\com\amazonaws\aws-java-sdk-importexport\1.11.486\aws-java-sdk-importexport-1.11.486.jar;C:\Users\gil-r\.m2\repository\com\amazonaws\aws-java-sdk-sts\1.11.486\aws-java-sdk-sts-1.11.486.jar;C:\Users\gil-r\.m2\repository\com\amazonaws\aws-java-sdk-sqs\1.11.486\aws-java-sdk-sqs-1.11.486.jar;C:\Users\gil-r\.m2\repository\com\amazonaws\aws-java-sdk-rds\1.11.486\aws-java-sdk-rds-1.11.486.jar;C:\Users\gil-r\.m2\repository\com\amazonaws\aws-java-sdk-redshift\1.11.486\aws-java-sdk-redshift-1.11.486.jar;C:\Users\gil-r\.m2\repository\com\amazonaws\aws-java-sdk-elasticbeanstalk\1.11.486\aws-java-sdk-elasticbeanstalk-1.11.486.jar;C:\Users\gil-r\.m2\repository\com\amazonaws\aws-java-sdk-glacier\1.11.486\aws-java-sdk-glacier-1.11.486.jar;C:\Users\gil-r\.m2\repository\com\amazonaws\aws-java-sdk-iam\1.11.486\aws-java-sdk-iam-1.11.486.jar;C:\Users\gil-r\.m2\repository\com\amazonaws\aws-java-sdk-datapipeline\1.11.486\aws-java-sdk-datapipeline-1.11.486.jar;C:\Users\gil-r\.m2\repository\com\amazonaws\aws-java-sdk-elasticloadbalancing\1.11.486\aws-java-sdk-elasticloadbalancing-1.11.486.jar;C:\Users\gil-r\.m2\repository\com\amazonaws\aws-java-sdk-elasticloadbalancingv2\1.11.486\aws-java-sdk-elasticloadbalancingv2-1.11.486.jar;C:\Users\gil-r\.m2\repository\com\amazonaws\aws-java-sdk-emr\1.11.486\aws-java-sdk-emr-1.11.486.jar;C:\Users\gil-r\.m2\repository\com\amazonaws\aws-java-sdk-elasticache\1.11.486\aws-java-sdk-elasticache-1.11.486.jar;C:\Users\gil-r\.m2\repository\com\amazonaws\aws-java-sdk-elastictranscoder\1.11.486\aws-java-sdk-elastictranscoder-1.11.486.jar;C:\Users\gil-r\.m2\repository\com\amazonaws\aws-java-sdk-ec2\1.11.486\aws-java-sdk-ec2-1.11.486.jar;C:\Users\gil-r\.m2\repository\com\amazonaws\aws-java-sdk-dynamodb\1.11.486\aws-java-sdk-dynamodb-1.11.486.jar;C:\Users\gil-r\.m2\repository\com\amazonaws\aws-java-sdk-sns\1.11.486\aws-java-sdk-sns-1.11.486.jar;C:\Users\gil-r\.m2\repository\com\amazonaws\aws-java-sdk-budgets\1.11.486\aws-java-sdk-budgets-1.11.486.jar;C:\Users\gil-r\.m2\repository\com\amazonaws\aws-java-sdk-cloudtrail\1.11.486\aws-java-sdk-cloudtrail-1.11.486.jar;C:\Users\gil-r\.m2\repository\com\amazonaws\aws-java-sdk-cloudwatch\1.11.486\aws-java-sdk-cloudwatch-1.11.486.jar;C:\Users\gil-r\.m2\repository\com\amazonaws\aws-java-sdk-logs\1.11.486\aws-java-sdk-logs-1.11.486.jar;C:\Users\gil-r\.m2\repository\com\amazonaws\aws-java-sdk-events\1.11.486\aws-java-sdk-events-1.11.486.jar;C:\Users\gil-r\.m2\repository\com\amazonaws\aws-java-sdk-cognitoidentity\1.11.486\aws-java-sdk-cognitoidentity-1.11.486.jar;C:\Users\gil-r\.m2\repository\com\amazonaws\aws-java-sdk-cognitosync\1.11.486\aws-java-sdk-cognitosync-1.11.486.jar;C:\Users\gil-r\.m2\repository\com\amazonaws\aws-java-sdk-directconnect\1.11.486\aws-java-sdk-directconnect-1.11.486.jar;C:\Users\gil-r\.m2\repository\com\amazonaws\aws-java-sdk-cloudformation\1.11.486\aws-java-sdk-cloudformation-1.11.486.jar;C:\Users\gil-r\.m2\repository\com\amazonaws\aws-java-sdk-cloudfront\1.11.486\aws-java-sdk-cloudfront-1.11.486.jar;C:\Users\gil-r\.m2\repository\com\amazonaws\aws-java-sdk-clouddirectory\1.11.486\aws-java-sdk-clouddirectory-1.11.486.jar;C:\Users\gil-r\.m2\repository\com\amazonaws\aws-java-sdk-kinesis\1.11.486\aws-java-sdk-kinesis-1.11.486.jar;C:\Users\gil-r\.m2\repository\com\amazonaws\aws-java-sdk-opsworks\1.11.486\aws-java-sdk-opsworks-1.11.486.jar;C:\Users\gil-r\.m2\repository\com\amazonaws\aws-java-sdk-ses\1.11.486\aws-java-sdk-ses-1.11.486.jar;C:\Users\gil-r\.m2\repository\com\amazonaws\aws-java-sdk-autoscaling\1.11.486\aws-java-sdk-autoscaling-1.11.486.jar;C:\Users\gil-r\.m2\repository\com\amazonaws\aws-java-sdk-cloudsearch\1.11.486\aws-java-sdk-cloudsearch-1.11.486.jar;C:\Users\gil-r\.m2\repository\com\amazonaws\aws-java-sdk-cloudwatchmetrics\1.11.486\aws-java-sdk-cloudwatchmetrics-1.11.486.jar;C:\Users\gil-r\.m2\repository\com\amazonaws\aws-java-sdk-codedeploy\1.11.486\aws-java-sdk-codedeploy-1.11.486.jar;C:\Users\gil-r\.m2\repository\com\amazonaws\aws-java-sdk-codepipeline\1.11.486\aws-java-sdk-codepipeline-1.11.486.jar;C:\Users\gil-r\.m2\repository\com\amazonaws\aws-java-sdk-kms\1.11.486\aws-java-sdk-kms-1.11.486.jar;C:\Users\gil-r\.m2\repository\com\amazonaws\aws-java-sdk-config\1.11.486\aws-java-sdk-config-1.11.486.jar;C:\Users\gil-r\.m2\repository\com\amazonaws\aws-java-sdk-lambda\1.11.486\aws-java-sdk-lambda-1.11.486.jar;C:\Users\gil-r\.m2\repository\com\amazonaws\aws-java-sdk-ecs\1.11.486\aws-java-sdk-ecs-1.11.486.jar;C:\Users\gil-r\.m2\repository\com\amazonaws\aws-java-sdk-ecr\1.11.486\aws-java-sdk-ecr-1.11.486.jar;C:\Users\gil-r\.m2\repository\com\amazonaws\aws-java-sdk-cloudhsm\1.11.486\aws-java-sdk-cloudhsm-1.11.486.jar;C:\Users\gil-r\.m2\repository\com\amazonaws\aws-java-sdk-ssm\1.11.486\aws-java-sdk-ssm-1.11.486.jar;C:\Users\gil-r\.m2\repository\com\amazonaws\aws-java-sdk-workspaces\1.11.486\aws-java-sdk-workspaces-1.11.486.jar;C:\Users\gil-r\.m2\repository\com\amazonaws\aws-java-sdk-machinelearning\1.11.486\aws-java-sdk-machinelearning-1.11.486.jar;C:\Users\gil-r\.m2\repository\com\amazonaws\aws-java-sdk-directory\1.11.486\aws-java-sdk-directory-1.11.486.jar;C:\Users\gil-r\.m2\repository\com\amazonaws\aws-java-sdk-efs\1.11.486\aws-java-sdk-efs-1.11.486.jar;C:\Users\gil-r\.m2\repository\com\amazonaws\aws-java-sdk-codecommit\1.11.486\aws-java-sdk-codecommit-1.11.486.jar;C:\Users\gil-r\.m2\repository\com\amazonaws\aws-java-sdk-devicefarm\1.11.486\aws-java-sdk-devicefarm-1.11.486.jar;C:\Users\gil-r\.m2\repository\com\amazonaws\aws-java-sdk-elasticsearch\1.11.486\aws-java-sdk-elasticsearch-1.11.486.jar;C:\Users\gil-r\.m2\repository\com\amazonaws\aws-java-sdk-waf\1.11.486\aws-java-sdk-waf-1.11.486.jar;C:\Users\gil-r\.m2\repository\com\amazonaws\aws-java-sdk-marketplacecommerceanalytics\1.11.486\aws-java-sdk-marketplacecommerceanalytics-1.11.486.jar;C:\Users\gil-r\.m2\repository\com\amazonaws\aws-java-sdk-inspector\1.11.486\aws-java-sdk-inspector-1.11.486.jar;C:\Users\gil-r\.m2\repository\com\amazonaws\aws-java-sdk-iot\1.11.486\aws-java-sdk-iot-1.11.486.jar;C:\Users\gil-r\.m2\repository\com\amazonaws\aws-java-sdk-api-gateway\1.11.486\aws-java-sdk-api-gateway-1.11.486.jar;C:\Users\gil-r\.m2\repository\com\amazonaws\aws-java-sdk-acm\1.11.486\aws-java-sdk-acm-1.11.486.jar;C:\Users\gil-r\.m2\repository\com\amazonaws\aws-java-sdk-gamelift\1.11.486\aws-java-sdk-gamelift-1.11.486.jar;C:\Users\gil-r\.m2\repository\com\amazonaws\aws-java-sdk-dms\1.11.486\aws-java-sdk-dms-1.11.486.jar;C:\Users\gil-r\.m2\repository\com\amazonaws\aws-java-sdk-marketplacemeteringservice\1.11.486\aws-java-sdk-marketplacemeteringservice-1.11.486.jar;C:\Users\gil-r\.m2\repository\com\amazonaws\aws-java-sdk-cognitoidp\1.11.486\aws-java-sdk-cognitoidp-1.11.486.jar;C:\Users\gil-r\.m2\repository\com\amazonaws\aws-java-sdk-discovery\1.11.486\aws-java-sdk-discovery-1.11.486.jar;C:\Users\gil-r\.m2\repository\com\amazonaws\aws-java-sdk-applicationautoscaling\1.11.486\aws-java-sdk-applicationautoscaling-1.11.486.jar;C:\Users\gil-r\.m2\repository\com\amazonaws\aws-java-sdk-snowball\1.11.486\aws-java-sdk-snowball-1.11.486.jar;C:\Users\gil-r\.m2\repository\com\amazonaws\aws-java-sdk-rekognition\1.11.486\aws-java-sdk-rekognition-1.11.486.jar;C:\Users\gil-r\.m2\repository\com\amazonaws\aws-java-sdk-polly\1.11.486\aws-java-sdk-polly-1.11.486.jar;C:\Users\gil-r\.m2\repository\com\amazonaws\aws-java-sdk-lightsail\1.11.486\aws-java-sdk-lightsail-1.11.486.jar;C:\Users\gil-r\.m2\repository\com\amazonaws\aws-java-sdk-stepfunctions\1.11.486\aws-java-sdk-stepfunctions-1.11.486.jar;C:\Users\gil-r\.m2\repository\com\amazonaws\aws-java-sdk-health\1.11.486\aws-java-sdk-health-1.11.486.jar;C:\Users\gil-r\.m2\repository\com\amazonaws\aws-java-sdk-costandusagereport\1.11.486\aws-java-sdk-costandusagereport-1.11.486.jar;C:\Users\gil-r\.m2\repository\com\amazonaws\aws-java-sdk-codebuild\1.11.486\aws-java-sdk-codebuild-1.11.486.jar;C:\Users\gil-r\.m2\repository\com\amazonaws\aws-java-sdk-appstream\1.11.486\aws-java-sdk-appstream-1.11.486.jar;C:\Users\gil-r\.m2\repository\com\amazonaws\aws-java-sdk-shield\1.11.486\aws-java-sdk-shield-1.11.486.jar;C:\Users\gil-r\.m2\repository\com\amazonaws\aws-java-sdk-batch\1.11.486\aws-java-sdk-batch-1.11.486.jar;C:\Users\gil-r\.m2\repository\com\amazonaws\aws-java-sdk-lex\1.11.486\aws-java-sdk-lex-1.11.486.jar;C:\Users\gil-r\.m2\repository\com\amazonaws\aws-java-sdk-mechanicalturkrequester\1.11.486\aws-java-sdk-mechanicalturkrequester-1.11.486.jar;C:\Users\gil-r\.m2\repository\com\amazonaws\aws-java-sdk-organizations\1.11.486\aws-java-sdk-organizations-1.11.486.jar;C:\Users\gil-r\.m2\repository\com\amazonaws\aws-java-sdk-workdocs\1.11.486\aws-java-sdk-workdocs-1.11.486.jar;C:\Users\gil-r\.m2\repository\com\amazonaws\aws-java-sdk-core\1.11.486\aws-java-sdk-core-1.11.486.jar;C:\Users\gil-r\.m2\repository\commons-logging\commons-logging\1.1.3\commons-logging-1.1.3.jar;C:\Users\gil-r\.m2\repository\org\apache\httpcomponents\httpclient\4.5.5\httpclient-4.5.5.jar;C:\Users\gil-r\.m2\repository\org\apache\httpcomponents\httpcore\4.4.16\httpcore-4.4.16.jar;C:\Users\gil-r\.m2\repository\commons-codec\commons-codec\1.15\commons-codec-1.15.jar;C:\Users\gil-r\.m2\repository\software\amazon\ion\ion-java\1.0.2\ion-java-1.0.2.jar;C:\Users\gil-r\.m2\repository\com\fasterxml\jackson\dataformat\jackson-dataformat-cbor\2.15.2\jackson-dataformat-cbor-2.15.2.jar;C:\Users\gil-r\.m2\repository\joda-time\joda-time\2.8.1\joda-time-2.8.1.jar;C:\Users\gil-r\.m2\repository\com\amazonaws\aws-java-sdk-models\1.11.486\aws-java-sdk-models-1.11.486.jar;C:\Users\gil-r\.m2\repository\com\amazonaws\aws-java-sdk-swf-libraries\1.11.22\aws-java-sdk-swf-libraries-1.11.22.jar;C:\Users\gil-r\.m2\repository\org\projectlombok\lombok\1.18.28\lombok-1.18.28.jar;C:\Users\gil-r\.m2\repository\org\springframework\boot\spring-boot-starter-test\3.1.2\spring-boot-starter-test-3.1.2.jar;C:\Users\gil-r\.m2\repository\org\springframework\boot\spring-boot-test\3.1.2\spring-boot-test-3.1.2.jar;C:\Users\gil-r\.m2\repository\org\springframework\boot\spring-boot-test-autoconfigure\3.1.2\spring-boot-test-autoconfigure-3.1.2.jar;C:\Users\gil-r\.m2\repository\com\jayway\jsonpath\json-path\2.8.0\json-path-2.8.0.jar;C:\Users\gil-r\.m2\repository\org\slf4j\slf4j-api\2.0.7\slf4j-api-2.0.7.jar;C:\Users\gil-r\.m2\repository\jakarta\xml\bind\jakarta.xml.bind-api\4.0.0\jakarta.xml.bind-api-4.0.0.jar;C:\Users\gil-r\.m2\repository\jakarta\activation\jakarta.activation-api\2.1.2\jakarta.activation-api-2.1.2.jar;C:\Users\gil-r\.m2\repository\net\minidev\json-smart\2.4.11\json-smart-2.4.11.jar;C:\Users\gil-r\.m2\repository\net\minidev\accessors-smart\2.4.11\accessors-smart-2.4.11.jar;C:\Users\gil-r\.m2\repository\org\ow2\asm\asm\9.3\asm-9.3.jar;C:\Users\gil-r\.m2\repository\org\assertj\assertj-core\3.24.2\assertj-core-3.24.2.jar;C:\Users\gil-r\.m2\repository\net\bytebuddy\byte-buddy\1.14.5\byte-buddy-1.14.5.jar;C:\Users\gil-r\.m2\repository\org\hamcrest\hamcrest\2.2\hamcrest-2.2.jar;C:\Users\gil-r\.m2\repository\org\junit\jupiter\junit-jupiter\5.9.3\junit-jupiter-5.9.3.jar;C:\Users\gil-r\.m2\repository\org\junit\jupiter\junit-jupiter-api\5.9.3\junit-jupiter-api-5.9.3.jar;C:\Users\gil-r\.m2\repository\org\opentest4j\opentest4j\1.2.0\opentest4j-1.2.0.jar;C:\Users\gil-r\.m2\repository\org\junit\platform\junit-platform-commons\1.9.3\junit-platform-commons-1.9.3.jar;C:\Users\gil-r\.m2\repository\org\apiguardian\apiguardian-api\1.1.2\apiguardian-api-1.1.2.jar;C:\Users\gil-r\.m2\repository\org\junit\jupiter\junit-jupiter-params\5.9.3\junit-jupiter-params-5.9.3.jar;C:\Users\gil-r\.m2\repository\org\junit\jupiter\junit-jupiter-engine\5.9.3\junit-jupiter-engine-5.9.3.jar;C:\Users\gil-r\.m2\repository\org\junit\platform\junit-platform-engine\1.9.3\junit-platform-engine-1.9.3.jar;C:\Users\gil-r\.m2\repository\org\mockito\mockito-core\5.3.1\mockito-core-5.3.1.jar;C:\Users\gil-r\.m2\repository\net\bytebuddy\byte-buddy-agent\1.14.5\byte-buddy-agent-1.14.5.jar;C:\Users\gil-r\.m2\repository\org\objenesis\objenesis\3.3\objenesis-3.3.jar;C:\Users\gil-r\.m2\repository\org\mockito\mockito-junit-jupiter\5.3.1\mockito-junit-jupiter-5.3.1.jar;C:\Users\gil-r\.m2\repository\org\skyscreamer\jsonassert\1.5.1\jsonassert-1.5.1.jar;C:\Users\gil-r\.m2\repository\com\vaadin\external\google\android-json\0.0.20131108.vaadin1\android-json-0.0.20131108.vaadin1.jar;C:\Users\gil-r\.m2\repository\org\springframework\spring-core\6.0.11\spring-core-6.0.11.jar;C:\Users\gil-r\.m2\repository\org\springframework\spring-jcl\6.0.11\spring-jcl-6.0.11.jar;C:\Users\gil-r\.m2\repository\org\springframework\spring-test\6.0.11\spring-test-6.0.11.jar;C:\Users\gil-r\.m2\repository\org\xmlunit\xmlunit-core\2.9.1\xmlunit-core-2.9.1.jar;"/>
    <property name="java.vm.vendor" value="Oracle Corporation"/>
    <property name="sun.arch.data.model" value="64"/>
    <property name="user.variant" value=""/>
    <property name="java.vendor.url" value="https://java.oracle.com/"/>
    <property name="user.timezone" value="America/Sao_Paulo"/>
    <property name="os.name" value="Windows 11"/>
    <property name="java.vm.specification.version" value="19"/>
    <property name="sun.java.launcher" value="SUN_STANDARD"/>
    <property name="user.country" value="BR"/>
    <property name="sun.boot.library.path" value="D:\workarea\java_config\jdk19\bin"/>
    <property name="sun.java.command" value="C:\Users\gil-r\AppData\Local\Temp\surefire18364318662845699871\surefirebooter-20230806202803939_3.jar C:\Users\gil-r\AppData\Local\Temp\surefire18364318662845699871 2023-08-06T20-28-03_419-jvmRun1 surefire-20230806202803939_1tmp surefire_0-20230806202803939_2tmp"/>
    <property name="jdk.debug" value="release"/>
    <property name="surefire.test.class.path" value="D:\workarea\github\service-upload-arquivo-s3\target\test-classes;D:\workarea\github\service-upload-arquivo-s3\target\classes;C:\Users\gil-r\.m2\repository\org\springframework\boot\spring-boot-starter-web\3.1.2\spring-boot-starter-web-3.1.2.jar;C:\Users\gil-r\.m2\repository\org\springframework\boot\spring-boot-starter\3.1.2\spring-boot-starter-3.1.2.jar;C:\Users\gil-r\.m2\repository\org\springframework\boot\spring-boot\3.1.2\spring-boot-3.1.2.jar;C:\Users\gil-r\.m2\repository\org\springframework\boot\spring-boot-autoconfigure\3.1.2\spring-boot-autoconfigure-3.1.2.jar;C:\Users\gil-r\.m2\repository\org\springframework\boot\spring-boot-starter-logging\3.1.2\spring-boot-starter-logging-3.1.2.jar;C:\Users\gil-r\.m2\repository\ch\qos\logback\logback-classic\1.4.8\logback-classic-1.4.8.jar;C:\Users\gil-r\.m2\repository\ch\qos\logback\logback-core\1.4.8\logback-core-1.4.8.jar;C:\Users\gil-r\.m2\repository\org\apache\logging\log4j\log4j-to-slf4j\2.20.0\log4j-to-slf4j-2.20.0.jar;C:\Users\gil-r\.m2\repository\org\apache\logging\log4j\log4j-api\2.20.0\log4j-api-2.20.0.jar;C:\Users\gil-r\.m2\repository\org\slf4j\jul-to-slf4j\2.0.7\jul-to-slf4j-2.0.7.jar;C:\Users\gil-r\.m2\repository\jakarta\annotation\jakarta.annotation-api\2.1.1\jakarta.annotation-api-2.1.1.jar;C:\Users\gil-r\.m2\repository\org\yaml\snakeyaml\1.33\snakeyaml-1.33.jar;C:\Users\gil-r\.m2\repository\org\springframework\boot\spring-boot-starter-json\3.1.2\spring-boot-starter-json-3.1.2.jar;C:\Users\gil-r\.m2\repository\com\fasterxml\jackson\datatype\jackson-datatype-jdk8\2.15.2\jackson-datatype-jdk8-2.15.2.jar;C:\Users\gil-r\.m2\repository\com\fasterxml\jackson\datatype\jackson-datatype-jsr310\2.15.2\jackson-datatype-jsr310-2.15.2.jar;C:\Users\gil-r\.m2\repository\com\fasterxml\jackson\module\jackson-module-parameter-names\2.15.2\jackson-module-parameter-names-2.15.2.jar;C:\Users\gil-r\.m2\repository\org\springframework\boot\spring-boot-starter-tomcat\3.1.2\spring-boot-starter-tomcat-3.1.2.jar;C:\Users\gil-r\.m2\repository\org\apache\tomcat\embed\tomcat-embed-core\10.1.11\tomcat-embed-core-10.1.11.jar;C:\Users\gil-r\.m2\repository\org\apache\tomcat\embed\tomcat-embed-el\10.1.11\tomcat-embed-el-10.1.11.jar;C:\Users\gil-r\.m2\repository\org\apache\tomcat\embed\tomcat-embed-websocket\10.1.11\tomcat-embed-websocket-10.1.11.jar;C:\Users\gil-r\.m2\repository\org\springframework\spring-web\6.0.11\spring-web-6.0.11.jar;C:\Users\gil-r\.m2\repository\org\springframework\spring-beans\6.0.11\spring-beans-6.0.11.jar;C:\Users\gil-r\.m2\repository\io\micrometer\micrometer-observation\1.11.2\micrometer-observation-1.11.2.jar;C:\Users\gil-r\.m2\repository\io\micrometer\micrometer-commons\1.11.2\micrometer-commons-1.11.2.jar;C:\Users\gil-r\.m2\repository\org\springframework\spring-webmvc\6.0.11\spring-webmvc-6.0.11.jar;C:\Users\gil-r\.m2\repository\org\springframework\spring-aop\6.0.11\spring-aop-6.0.11.jar;C:\Users\gil-r\.m2\repository\org\springframework\spring-context\6.0.11\spring-context-6.0.11.jar;C:\Users\gil-r\.m2\repository\org\springframework\spring-expression\6.0.11\spring-expression-6.0.11.jar;C:\Users\gil-r\.m2\repository\org\springframework\cloud\spring-cloud-starter-config\4.0.4\spring-cloud-starter-config-4.0.4.jar;C:\Users\gil-r\.m2\repository\org\springframework\cloud\spring-cloud-starter\4.0.4\spring-cloud-starter-4.0.4.jar;C:\Users\gil-r\.m2\repository\org\springframework\cloud\spring-cloud-context\4.0.4\spring-cloud-context-4.0.4.jar;C:\Users\gil-r\.m2\repository\org\springframework\security\spring-security-crypto\6.1.2\spring-security-crypto-6.1.2.jar;C:\Users\gil-r\.m2\repository\org\springframework\cloud\spring-cloud-commons\4.0.4\spring-cloud-commons-4.0.4.jar;C:\Users\gil-r\.m2\repository\org\springframework\security\spring-security-rsa\1.0.12.RELEASE\spring-security-rsa-1.0.12.RELEASE.jar;C:\Users\gil-r\.m2\repository\org\bouncycastle\bcpkix-jdk18on\1.73\bcpkix-jdk18on-1.73.jar;C:\Users\gil-r\.m2\repository\org\bouncycastle\bcprov-jdk18on\1.73\bcprov-jdk18on-1.73.jar;C:\Users\gil-r\.m2\repository\org\bouncycastle\bcutil-jdk18on\1.73\bcutil-jdk18on-1.73.jar;C:\Users\gil-r\.m2\repository\org\springframework\cloud\spring-cloud-config-client\4.0.4\spring-cloud-config-client-4.0.4.jar;C:\Users\gil-r\.m2\repository\com\fasterxml\jackson\core\jackson-annotations\2.15.2\jackson-annotations-2.15.2.jar;C:\Users\gil-r\.m2\repository\org\apache\httpcomponents\client5\httpclient5\5.2.1\httpclient5-5.2.1.jar;C:\Users\gil-r\.m2\repository\org\apache\httpcomponents\core5\httpcore5\5.2.2\httpcore5-5.2.2.jar;C:\Users\gil-r\.m2\repository\org\apache\httpcomponents\core5\httpcore5-h2\5.2.2\httpcore5-h2-5.2.2.jar;C:\Users\gil-r\.m2\repository\com\fasterxml\jackson\core\jackson-databind\2.15.2\jackson-databind-2.15.2.jar;C:\Users\gil-r\.m2\repository\com\fasterxml\jackson\core\jackson-core\2.15.2\jackson-core-2.15.2.jar;C:\Users\gil-r\.m2\repository\com\amazonaws\aws-java-sdk\1.11.486\aws-java-sdk-1.11.486.jar;C:\Users\gil-r\.m2\repository\com\amazonaws\aws-java-sdk-backup\1.11.486\aws-java-sdk-backup-1.11.486.jar;C:\Users\gil-r\.m2\repository\com\amazonaws\jmespath-java\1.11.486\jmespath-java-1.11.486.jar;C:\Users\gil-r\.m2\repository\com\amazonaws\aws-java-sdk-docdb\1.11.486\aws-java-sdk-docdb-1.11.486.jar;C:\Users\gil-r\.m2\repository\com\amazonaws\aws-java-sdk-apigatewayv2\1.11.486\aws-java-sdk-apigatewayv2-1.11.486.jar;C:\Users\gil-r\.m2\repository\com\amazonaws\aws-java-sdk-apigatewaymanagementapi\1.11.486\aws-java-sdk-apigatewaymanagementapi-1.11.486.jar;C:\Users\gil-r\.m2\repository\com\amazonaws\aws-java-sdk-kafka\1.11.486\aws-java-sdk-kafka-1.11.486.jar;C:\Users\gil-r\.m2\repository\com\amazonaws\aws-java-sdk-appmesh\1.11.486\aws-java-sdk-appmesh-1.11.486.jar;C:\Users\gil-r\.m2\repository\com\amazonaws\aws-java-sdk-licensemanager\1.11.486\aws-java-sdk-licensemanager-1.11.486.jar;C:\Users\gil-r\.m2\repository\com\amazonaws\aws-java-sdk-securityhub\1.11.486\aws-java-sdk-securityhub-1.11.486.jar;C:\Users\gil-r\.m2\repository\com\amazonaws\aws-java-sdk-fsx\1.11.486\aws-java-sdk-fsx-1.11.486.jar;C:\Users\gil-r\.m2\repository\com\amazonaws\aws-java-sdk-mediaconnect\1.11.486\aws-java-sdk-mediaconnect-1.11.486.jar;C:\Users\gil-r\.m2\repository\com\amazonaws\aws-java-sdk-kinesisanalyticsv2\1.11.486\aws-java-sdk-kinesisanalyticsv2-1.11.486.jar;C:\Users\gil-r\.m2\repository\com\amazonaws\aws-java-sdk-comprehendmedical\1.11.486\aws-java-sdk-comprehendmedical-1.11.486.jar;C:\Users\gil-r\.m2\repository\com\amazonaws\aws-java-sdk-globalaccelerator\1.11.486\aws-java-sdk-globalaccelerator-1.11.486.jar;C:\Users\gil-r\.m2\repository\com\amazonaws\aws-java-sdk-transfer\1.11.486\aws-java-sdk-transfer-1.11.486.jar;C:\Users\gil-r\.m2\repository\com\amazonaws\aws-java-sdk-datasync\1.11.486\aws-java-sdk-datasync-1.11.486.jar;C:\Users\gil-r\.m2\repository\com\amazonaws\aws-java-sdk-robomaker\1.11.486\aws-java-sdk-robomaker-1.11.486.jar;C:\Users\gil-r\.m2\repository\com\amazonaws\aws-java-sdk-amplify\1.11.486\aws-java-sdk-amplify-1.11.486.jar;C:\Users\gil-r\.m2\repository\com\amazonaws\aws-java-sdk-quicksight\1.11.486\aws-java-sdk-quicksight-1.11.486.jar;C:\Users\gil-r\.m2\repository\com\amazonaws\aws-java-sdk-rdsdata\1.11.486\aws-java-sdk-rdsdata-1.11.486.jar;C:\Users\gil-r\.m2\repository\com\amazonaws\aws-java-sdk-route53resolver\1.11.486\aws-java-sdk-route53resolver-1.11.486.jar;C:\Users\gil-r\.m2\repository\com\amazonaws\aws-java-sdk-ram\1.11.486\aws-java-sdk-ram-1.11.486.jar;C:\Users\gil-r\.m2\repository\com\amazonaws\aws-java-sdk-s3control\1.11.486\aws-java-sdk-s3control-1.11.486.jar;C:\Users\gil-r\.m2\repository\com\amazonaws\aws-java-sdk-pinpointsmsvoice\1.11.486\aws-java-sdk-pinpointsmsvoice-1.11.486.jar;C:\Users\gil-r\.m2\repository\com\amazonaws\aws-java-sdk-pinpointemail\1.11.486\aws-java-sdk-pinpointemail-1.11.486.jar;C:\Users\gil-r\.m2\repository\com\amazonaws\aws-java-sdk-chime\1.11.486\aws-java-sdk-chime-1.11.486.jar;C:\Users\gil-r\.m2\repository\com\amazonaws\aws-java-sdk-signer\1.11.486\aws-java-sdk-signer-1.11.486.jar;C:\Users\gil-r\.m2\repository\com\amazonaws\aws-java-sdk-dlm\1.11.486\aws-java-sdk-dlm-1.11.486.jar;C:\Users\gil-r\.m2\repository\com\amazonaws\aws-java-sdk-macie\1.11.486\aws-java-sdk-macie-1.11.486.jar;C:\Users\gil-r\.m2\repository\com\amazonaws\aws-java-sdk-eks\1.11.486\aws-java-sdk-eks-1.11.486.jar;C:\Users\gil-r\.m2\repository\com\amazonaws\aws-java-sdk-mediatailor\1.11.486\aws-java-sdk-mediatailor-1.11.486.jar;C:\Users\gil-r\.m2\repository\com\amazonaws\aws-java-sdk-neptune\1.11.486\aws-java-sdk-neptune-1.11.486.jar;C:\Users\gil-r\.m2\repository\com\amazonaws\aws-java-sdk-pi\1.11.486\aws-java-sdk-pi-1.11.486.jar;C:\Users\gil-r\.m2\repository\com\amazonaws\aws-java-sdk-iot1clickprojects\1.11.486\aws-java-sdk-iot1clickprojects-1.11.486.jar;C:\Users\gil-r\.m2\repository\com\amazonaws\aws-java-sdk-iot1clickdevices\1.11.486\aws-java-sdk-iot1clickdevices-1.11.486.jar;C:\Users\gil-r\.m2\repository\com\amazonaws\aws-java-sdk-iotanalytics\1.11.486\aws-java-sdk-iotanalytics-1.11.486.jar;C:\Users\gil-r\.m2\repository\com\amazonaws\aws-java-sdk-acmpca\1.11.486\aws-java-sdk-acmpca-1.11.486.jar;C:\Users\gil-r\.m2\repository\com\amazonaws\aws-java-sdk-secretsmanager\1.11.486\aws-java-sdk-secretsmanager-1.11.486.jar;C:\Users\gil-r\.m2\repository\com\amazonaws\aws-java-sdk-fms\1.11.486\aws-java-sdk-fms-1.11.486.jar;C:\Users\gil-r\.m2\repository\com\amazonaws\aws-java-sdk-connect\1.11.486\aws-java-sdk-connect-1.11.486.jar;C:\Users\gil-r\.m2\repository\com\amazonaws\aws-java-sdk-transcribe\1.11.486\aws-java-sdk-transcribe-1.11.486.jar;C:\Users\gil-r\.m2\repository\com\amazonaws\aws-java-sdk-autoscalingplans\1.11.486\aws-java-sdk-autoscalingplans-1.11.486.jar;C:\Users\gil-r\.m2\repository\com\amazonaws\aws-java-sdk-workmail\1.11.486\aws-java-sdk-workmail-1.11.486.jar;C:\Users\gil-r\.m2\repository\com\amazonaws\aws-java-sdk-servicediscovery\1.11.486\aws-java-sdk-servicediscovery-1.11.486.jar;C:\Users\gil-r\.m2\repository\com\amazonaws\aws-java-sdk-cloud9\1.11.486\aws-java-sdk-cloud9-1.11.486.jar;C:\Users\gil-r\.m2\repository\com\amazonaws\aws-java-sdk-serverlessapplicationrepository\1.11.486\aws-java-sdk-serverlessapplicationrepository-1.11.486.jar;C:\Users\gil-r\.m2\repository\com\amazonaws\aws-java-sdk-alexaforbusiness\1.11.486\aws-java-sdk-alexaforbusiness-1.11.486.jar;C:\Users\gil-r\.m2\repository\com\amazonaws\aws-java-sdk-resourcegroups\1.11.486\aws-java-sdk-resourcegroups-1.11.486.jar;C:\Users\gil-r\.m2\repository\com\amazonaws\aws-java-sdk-comprehend\1.11.486\aws-java-sdk-comprehend-1.11.486.jar;C:\Users\gil-r\.m2\repository\com\amazonaws\aws-java-sdk-translate\1.11.486\aws-java-sdk-translate-1.11.486.jar;C:\Users\gil-r\.m2\repository\com\amazonaws\aws-java-sdk-sagemaker\1.11.486\aws-java-sdk-sagemaker-1.11.486.jar;C:\Users\gil-r\.m2\repository\com\amazonaws\aws-java-sdk-iotjobsdataplane\1.11.486\aws-java-sdk-iotjobsdataplane-1.11.486.jar;C:\Users\gil-r\.m2\repository\com\amazonaws\aws-java-sdk-sagemakerruntime\1.11.486\aws-java-sdk-sagemakerruntime-1.11.486.jar;C:\Users\gil-r\.m2\repository\com\amazonaws\aws-java-sdk-kinesisvideo\1.11.486\aws-java-sdk-kinesisvideo-1.11.486.jar;C:\Users\gil-r\.m2\repository\io\netty\netty-codec-http\4.1.94.Final\netty-codec-http-4.1.94.Final.jar;C:\Users\gil-r\.m2\repository\io\netty\netty-common\4.1.94.Final\netty-common-4.1.94.Final.jar;C:\Users\gil-r\.m2\repository\io\netty\netty-buffer\4.1.94.Final\netty-buffer-4.1.94.Final.jar;C:\Users\gil-r\.m2\repository\io\netty\netty-transport\4.1.94.Final\netty-transport-4.1.94.Final.jar;C:\Users\gil-r\.m2\repository\io\netty\netty-codec\4.1.94.Final\netty-codec-4.1.94.Final.jar;C:\Users\gil-r\.m2\repository\io\netty\netty-handler\4.1.94.Final\netty-handler-4.1.94.Final.jar;C:\Users\gil-r\.m2\repository\io\netty\netty-resolver\4.1.94.Final\netty-resolver-4.1.94.Final.jar;C:\Users\gil-r\.m2\repository\io\netty\netty-transport-native-unix-common\4.1.94.Final\netty-transport-native-unix-common-4.1.94.Final.jar;C:\Users\gil-r\.m2\repository\com\amazonaws\aws-java-sdk-appsync\1.11.486\aws-java-sdk-appsync-1.11.486.jar;C:\Users\gil-r\.m2\repository\com\amazonaws\aws-java-sdk-guardduty\1.11.486\aws-java-sdk-guardduty-1.11.486.jar;C:\Users\gil-r\.m2\repository\com\amazonaws\aws-java-sdk-mq\1.11.486\aws-java-sdk-mq-1.11.486.jar;C:\Users\gil-r\.m2\repository\com\amazonaws\aws-java-sdk-mediaconvert\1.11.486\aws-java-sdk-mediaconvert-1.11.486.jar;C:\Users\gil-r\.m2\repository\com\amazonaws\aws-java-sdk-mediastore\1.11.486\aws-java-sdk-mediastore-1.11.486.jar;C:\Users\gil-r\.m2\repository\com\amazonaws\aws-java-sdk-mediastoredata\1.11.486\aws-java-sdk-mediastoredata-1.11.486.jar;C:\Users\gil-r\.m2\repository\com\amazonaws\aws-java-sdk-medialive\1.11.486\aws-java-sdk-medialive-1.11.486.jar;C:\Users\gil-r\.m2\repository\com\amazonaws\aws-java-sdk-mediapackage\1.11.486\aws-java-sdk-mediapackage-1.11.486.jar;C:\Users\gil-r\.m2\repository\com\amazonaws\aws-java-sdk-costexplorer\1.11.486\aws-java-sdk-costexplorer-1.11.486.jar;C:\Users\gil-r\.m2\repository\com\amazonaws\aws-java-sdk-pricing\1.11.486\aws-java-sdk-pricing-1.11.486.jar;C:\Users\gil-r\.m2\repository\com\amazonaws\aws-java-sdk-mobile\1.11.486\aws-java-sdk-mobile-1.11.486.jar;C:\Users\gil-r\.m2\repository\com\amazonaws\aws-java-sdk-cloudhsmv2\1.11.486\aws-java-sdk-cloudhsmv2-1.11.486.jar;C:\Users\gil-r\.m2\repository\com\amazonaws\aws-java-sdk-glue\1.11.486\aws-java-sdk-glue-1.11.486.jar;C:\Users\gil-r\.m2\repository\com\amazonaws\aws-java-sdk-migrationhub\1.11.486\aws-java-sdk-migrationhub-1.11.486.jar;C:\Users\gil-r\.m2\repository\com\amazonaws\aws-java-sdk-dax\1.11.486\aws-java-sdk-dax-1.11.486.jar;C:\Users\gil-r\.m2\repository\com\amazonaws\aws-java-sdk-greengrass\1.11.486\aws-java-sdk-greengrass-1.11.486.jar;C:\Users\gil-r\.m2\repository\com\amazonaws\aws-java-sdk-athena\1.11.486\aws-java-sdk-athena-1.11.486.jar;C:\Users\gil-r\.m2\repository\com\amazonaws\aws-java-sdk-marketplaceentitlement\1.11.486\aws-java-sdk-marketplaceentitlement-1.11.486.jar;C:\Users\gil-r\.m2\repository\com\amazonaws\aws-java-sdk-codestar\1.11.486\aws-java-sdk-codestar-1.11.486.jar;C:\Users\gil-r\.m2\repository\com\amazonaws\aws-java-sdk-lexmodelbuilding\1.11.486\aws-java-sdk-lexmodelbuilding-1.11.486.jar;C:\Users\gil-r\.m2\repository\com\amazonaws\aws-java-sdk-resourcegroupstaggingapi\1.11.486\aws-java-sdk-resourcegroupstaggingapi-1.11.486.jar;C:\Users\gil-r\.m2\repository\com\amazonaws\aws-java-sdk-pinpoint\1.11.486\aws-java-sdk-pinpoint-1.11.486.jar;C:\Users\gil-r\.m2\repository\com\amazonaws\aws-java-sdk-xray\1.11.486\aws-java-sdk-xray-1.11.486.jar;C:\Users\gil-r\.m2\repository\com\amazonaws\aws-java-sdk-opsworkscm\1.11.486\aws-java-sdk-opsworkscm-1.11.486.jar;C:\Users\gil-r\.m2\repository\com\amazonaws\aws-java-sdk-support\1.11.486\aws-java-sdk-support-1.11.486.jar;C:\Users\gil-r\.m2\repository\com\amazonaws\aws-java-sdk-simpledb\1.11.486\aws-java-sdk-simpledb-1.11.486.jar;C:\Users\gil-r\.m2\repository\com\amazonaws\aws-java-sdk-servicecatalog\1.11.486\aws-java-sdk-servicecatalog-1.11.486.jar;C:\Users\gil-r\.m2\repository\com\amazonaws\aws-java-sdk-servermigration\1.11.486\aws-java-sdk-servermigration-1.11.486.jar;C:\Users\gil-r\.m2\repository\com\amazonaws\aws-java-sdk-simpleworkflow\1.11.486\aws-java-sdk-simpleworkflow-1.11.486.jar;C:\Users\gil-r\.m2\repository\com\amazonaws\aws-java-sdk-storagegateway\1.11.486\aws-java-sdk-storagegateway-1.11.486.jar;C:\Users\gil-r\.m2\repository\com\amazonaws\aws-java-sdk-route53\1.11.486\aws-java-sdk-route53-1.11.486.jar;C:\Users\gil-r\.m2\repository\com\amazonaws\aws-java-sdk-s3\1.11.486\aws-java-sdk-s3-1.11.486.jar;C:\Users\gil-r\.m2\repository\com\amazonaws\aws-java-sdk-importexport\1.11.486\aws-java-sdk-importexport-1.11.486.jar;C:\Users\gil-r\.m2\repository\com\amazonaws\aws-java-sdk-sts\1.11.486\aws-java-sdk-sts-1.11.486.jar;C:\Users\gil-r\.m2\repository\com\amazonaws\aws-java-sdk-sqs\1.11.486\aws-java-sdk-sqs-1.11.486.jar;C:\Users\gil-r\.m2\repository\com\amazonaws\aws-java-sdk-rds\1.11.486\aws-java-sdk-rds-1.11.486.jar;C:\Users\gil-r\.m2\repository\com\amazonaws\aws-java-sdk-redshift\1.11.486\aws-java-sdk-redshift-1.11.486.jar;C:\Users\gil-r\.m2\repository\com\amazonaws\aws-java-sdk-elasticbeanstalk\1.11.486\aws-java-sdk-elasticbeanstalk-1.11.486.jar;C:\Users\gil-r\.m2\repository\com\amazonaws\aws-java-sdk-glacier\1.11.486\aws-java-sdk-glacier-1.11.486.jar;C:\Users\gil-r\.m2\repository\com\amazonaws\aws-java-sdk-iam\1.11.486\aws-java-sdk-iam-1.11.486.jar;C:\Users\gil-r\.m2\repository\com\amazonaws\aws-java-sdk-datapipeline\1.11.486\aws-java-sdk-datapipeline-1.11.486.jar;C:\Users\gil-r\.m2\repository\com\amazonaws\aws-java-sdk-elasticloadbalancing\1.11.486\aws-java-sdk-elasticloadbalancing-1.11.486.jar;C:\Users\gil-r\.m2\repository\com\amazonaws\aws-java-sdk-elasticloadbalancingv2\1.11.486\aws-java-sdk-elasticloadbalancingv2-1.11.486.jar;C:\Users\gil-r\.m2\repository\com\amazonaws\aws-java-sdk-emr\1.11.486\aws-java-sdk-emr-1.11.486.jar;C:\Users\gil-r\.m2\repository\com\amazonaws\aws-java-sdk-elasticache\1.11.486\aws-java-sdk-elasticache-1.11.486.jar;C:\Users\gil-r\.m2\repository\com\amazonaws\aws-java-sdk-elastictranscoder\1.11.486\aws-java-sdk-elastictranscoder-1.11.486.jar;C:\Users\gil-r\.m2\repository\com\amazonaws\aws-java-sdk-ec2\1.11.486\aws-java-sdk-ec2-1.11.486.jar;C:\Users\gil-r\.m2\repository\com\amazonaws\aws-java-sdk-dynamodb\1.11.486\aws-java-sdk-dynamodb-1.11.486.jar;C:\Users\gil-r\.m2\repository\com\amazonaws\aws-java-sdk-sns\1.11.486\aws-java-sdk-sns-1.11.486.jar;C:\Users\gil-r\.m2\repository\com\amazonaws\aws-java-sdk-budgets\1.11.486\aws-java-sdk-budgets-1.11.486.jar;C:\Users\gil-r\.m2\repository\com\amazonaws\aws-java-sdk-cloudtrail\1.11.486\aws-java-sdk-cloudtrail-1.11.486.jar;C:\Users\gil-r\.m2\repository\com\amazonaws\aws-java-sdk-cloudwatch\1.11.486\aws-java-sdk-cloudwatch-1.11.486.jar;C:\Users\gil-r\.m2\repository\com\amazonaws\aws-java-sdk-logs\1.11.486\aws-java-sdk-logs-1.11.486.jar;C:\Users\gil-r\.m2\repository\com\amazonaws\aws-java-sdk-events\1.11.486\aws-java-sdk-events-1.11.486.jar;C:\Users\gil-r\.m2\repository\com\amazonaws\aws-java-sdk-cognitoidentity\1.11.486\aws-java-sdk-cognitoidentity-1.11.486.jar;C:\Users\gil-r\.m2\repository\com\amazonaws\aws-java-sdk-cognitosync\1.11.486\aws-java-sdk-cognitosync-1.11.486.jar;C:\Users\gil-r\.m2\repository\com\amazonaws\aws-java-sdk-directconnect\1.11.486\aws-java-sdk-directconnect-1.11.486.jar;C:\Users\gil-r\.m2\repository\com\amazonaws\aws-java-sdk-cloudformation\1.11.486\aws-java-sdk-cloudformation-1.11.486.jar;C:\Users\gil-r\.m2\repository\com\amazonaws\aws-java-sdk-cloudfront\1.11.486\aws-java-sdk-cloudfront-1.11.486.jar;C:\Users\gil-r\.m2\repository\com\amazonaws\aws-java-sdk-clouddirectory\1.11.486\aws-java-sdk-clouddirectory-1.11.486.jar;C:\Users\gil-r\.m2\repository\com\amazonaws\aws-java-sdk-kinesis\1.11.486\aws-java-sdk-kinesis-1.11.486.jar;C:\Users\gil-r\.m2\repository\com\amazonaws\aws-java-sdk-opsworks\1.11.486\aws-java-sdk-opsworks-1.11.486.jar;C:\Users\gil-r\.m2\repository\com\amazonaws\aws-java-sdk-ses\1.11.486\aws-java-sdk-ses-1.11.486.jar;C:\Users\gil-r\.m2\repository\com\amazonaws\aws-java-sdk-autoscaling\1.11.486\aws-java-sdk-autoscaling-1.11.486.jar;C:\Users\gil-r\.m2\repository\com\amazonaws\aws-java-sdk-cloudsearch\1.11.486\aws-java-sdk-cloudsearch-1.11.486.jar;C:\Users\gil-r\.m2\repository\com\amazonaws\aws-java-sdk-cloudwatchmetrics\1.11.486\aws-java-sdk-cloudwatchmetrics-1.11.486.jar;C:\Users\gil-r\.m2\repository\com\amazonaws\aws-java-sdk-codedeploy\1.11.486\aws-java-sdk-codedeploy-1.11.486.jar;C:\Users\gil-r\.m2\repository\com\amazonaws\aws-java-sdk-codepipeline\1.11.486\aws-java-sdk-codepipeline-1.11.486.jar;C:\Users\gil-r\.m2\repository\com\amazonaws\aws-java-sdk-kms\1.11.486\aws-java-sdk-kms-1.11.486.jar;C:\Users\gil-r\.m2\repository\com\amazonaws\aws-java-sdk-config\1.11.486\aws-java-sdk-config-1.11.486.jar;C:\Users\gil-r\.m2\repository\com\amazonaws\aws-java-sdk-lambda\1.11.486\aws-java-sdk-lambda-1.11.486.jar;C:\Users\gil-r\.m2\repository\com\amazonaws\aws-java-sdk-ecs\1.11.486\aws-java-sdk-ecs-1.11.486.jar;C:\Users\gil-r\.m2\repository\com\amazonaws\aws-java-sdk-ecr\1.11.486\aws-java-sdk-ecr-1.11.486.jar;C:\Users\gil-r\.m2\repository\com\amazonaws\aws-java-sdk-cloudhsm\1.11.486\aws-java-sdk-cloudhsm-1.11.486.jar;C:\Users\gil-r\.m2\repository\com\amazonaws\aws-java-sdk-ssm\1.11.486\aws-java-sdk-ssm-1.11.486.jar;C:\Users\gil-r\.m2\repository\com\amazonaws\aws-java-sdk-workspaces\1.11.486\aws-java-sdk-workspaces-1.11.486.jar;C:\Users\gil-r\.m2\repository\com\amazonaws\aws-java-sdk-machinelearning\1.11.486\aws-java-sdk-machinelearning-1.11.486.jar;C:\Users\gil-r\.m2\repository\com\amazonaws\aws-java-sdk-directory\1.11.486\aws-java-sdk-directory-1.11.486.jar;C:\Users\gil-r\.m2\repository\com\amazonaws\aws-java-sdk-efs\1.11.486\aws-java-sdk-efs-1.11.486.jar;C:\Users\gil-r\.m2\repository\com\amazonaws\aws-java-sdk-codecommit\1.11.486\aws-java-sdk-codecommit-1.11.486.jar;C:\Users\gil-r\.m2\repository\com\amazonaws\aws-java-sdk-devicefarm\1.11.486\aws-java-sdk-devicefarm-1.11.486.jar;C:\Users\gil-r\.m2\repository\com\amazonaws\aws-java-sdk-elasticsearch\1.11.486\aws-java-sdk-elasticsearch-1.11.486.jar;C:\Users\gil-r\.m2\repository\com\amazonaws\aws-java-sdk-waf\1.11.486\aws-java-sdk-waf-1.11.486.jar;C:\Users\gil-r\.m2\repository\com\amazonaws\aws-java-sdk-marketplacecommerceanalytics\1.11.486\aws-java-sdk-marketplacecommerceanalytics-1.11.486.jar;C:\Users\gil-r\.m2\repository\com\amazonaws\aws-java-sdk-inspector\1.11.486\aws-java-sdk-inspector-1.11.486.jar;C:\Users\gil-r\.m2\repository\com\amazonaws\aws-java-sdk-iot\1.11.486\aws-java-sdk-iot-1.11.486.jar;C:\Users\gil-r\.m2\repository\com\amazonaws\aws-java-sdk-api-gateway\1.11.486\aws-java-sdk-api-gateway-1.11.486.jar;C:\Users\gil-r\.m2\repository\com\amazonaws\aws-java-sdk-acm\1.11.486\aws-java-sdk-acm-1.11.486.jar;C:\Users\gil-r\.m2\repository\com\amazonaws\aws-java-sdk-gamelift\1.11.486\aws-java-sdk-gamelift-1.11.486.jar;C:\Users\gil-r\.m2\repository\com\amazonaws\aws-java-sdk-dms\1.11.486\aws-java-sdk-dms-1.11.486.jar;C:\Users\gil-r\.m2\repository\com\amazonaws\aws-java-sdk-marketplacemeteringservice\1.11.486\aws-java-sdk-marketplacemeteringservice-1.11.486.jar;C:\Users\gil-r\.m2\repository\com\amazonaws\aws-java-sdk-cognitoidp\1.11.486\aws-java-sdk-cognitoidp-1.11.486.jar;C:\Users\gil-r\.m2\repository\com\amazonaws\aws-java-sdk-discovery\1.11.486\aws-java-sdk-discovery-1.11.486.jar;C:\Users\gil-r\.m2\repository\com\amazonaws\aws-java-sdk-applicationautoscaling\1.11.486\aws-java-sdk-applicationautoscaling-1.11.486.jar;C:\Users\gil-r\.m2\repository\com\amazonaws\aws-java-sdk-snowball\1.11.486\aws-java-sdk-snowball-1.11.486.jar;C:\Users\gil-r\.m2\repository\com\amazonaws\aws-java-sdk-rekognition\1.11.486\aws-java-sdk-rekognition-1.11.486.jar;C:\Users\gil-r\.m2\repository\com\amazonaws\aws-java-sdk-polly\1.11.486\aws-java-sdk-polly-1.11.486.jar;C:\Users\gil-r\.m2\repository\com\amazonaws\aws-java-sdk-lightsail\1.11.486\aws-java-sdk-lightsail-1.11.486.jar;C:\Users\gil-r\.m2\repository\com\amazonaws\aws-java-sdk-stepfunctions\1.11.486\aws-java-sdk-stepfunctions-1.11.486.jar;C:\Users\gil-r\.m2\repository\com\amazonaws\aws-java-sdk-health\1.11.486\aws-java-sdk-health-1.11.486.jar;C:\Users\gil-r\.m2\repository\com\amazonaws\aws-java-sdk-costandusagereport\1.11.486\aws-java-sdk-costandusagereport-1.11.486.jar;C:\Users\gil-r\.m2\repository\com\amazonaws\aws-java-sdk-codebuild\1.11.486\aws-java-sdk-codebuild-1.11.486.jar;C:\Users\gil-r\.m2\repository\com\amazonaws\aws-java-sdk-appstream\1.11.486\aws-java-sdk-appstream-1.11.486.jar;C:\Users\gil-r\.m2\repository\com\amazonaws\aws-java-sdk-shield\1.11.486\aws-java-sdk-shield-1.11.486.jar;C:\Users\gil-r\.m2\repository\com\amazonaws\aws-java-sdk-batch\1.11.486\aws-java-sdk-batch-1.11.486.jar;C:\Users\gil-r\.m2\repository\com\amazonaws\aws-java-sdk-lex\1.11.486\aws-java-sdk-lex-1.11.486.jar;C:\Users\gil-r\.m2\repository\com\amazonaws\aws-java-sdk-mechanicalturkrequester\1.11.486\aws-java-sdk-mechanicalturkrequester-1.11.486.jar;C:\Users\gil-r\.m2\repository\com\amazonaws\aws-java-sdk-organizations\1.11.486\aws-java-sdk-organizations-1.11.486.jar;C:\Users\gil-r\.m2\repository\com\amazonaws\aws-java-sdk-workdocs\1.11.486\aws-java-sdk-workdocs-1.11.486.jar;C:\Users\gil-r\.m2\repository\com\amazonaws\aws-java-sdk-core\1.11.486\aws-java-sdk-core-1.11.486.jar;C:\Users\gil-r\.m2\repository\commons-logging\commons-logging\1.1.3\commons-logging-1.1.3.jar;C:\Users\gil-r\.m2\repository\org\apache\httpcomponents\httpclient\4.5.5\httpclient-4.5.5.jar;C:\Users\gil-r\.m2\repository\org\apache\httpcomponents\httpcore\4.4.16\httpcore-4.4.16.jar;C:\Users\gil-r\.m2\repository\commons-codec\commons-codec\1.15\commons-codec-1.15.jar;C:\Users\gil-r\.m2\repository\software\amazon\ion\ion-java\1.0.2\ion-java-1.0.2.jar;C:\Users\gil-r\.m2\repository\com\fasterxml\jackson\dataformat\jackson-dataformat-cbor\2.15.2\jackson-dataformat-cbor-2.15.2.jar;C:\Users\gil-r\.m2\repository\joda-time\joda-time\2.8.1\joda-time-2.8.1.jar;C:\Users\gil-r\.m2\repository\com\amazonaws\aws-java-sdk-models\1.11.486\aws-java-sdk-models-1.11.486.jar;C:\Users\gil-r\.m2\repository\com\amazonaws\aws-java-sdk-swf-libraries\1.11.22\aws-java-sdk-swf-libraries-1.11.22.jar;C:\Users\gil-r\.m2\repository\org\projectlombok\lombok\1.18.28\lombok-1.18.28.jar;C:\Users\gil-r\.m2\repository\org\springframework\boot\spring-boot-starter-test\3.1.2\spring-boot-starter-test-3.1.2.jar;C:\Users\gil-r\.m2\repository\org\springframework\boot\spring-boot-test\3.1.2\spring-boot-test-3.1.2.jar;C:\Users\gil-r\.m2\repository\org\springframework\boot\spring-boot-test-autoconfigure\3.1.2\spring-boot-test-autoconfigure-3.1.2.jar;C:\Users\gil-r\.m2\repository\com\jayway\jsonpath\json-path\2.8.0\json-path-2.8.0.jar;C:\Users\gil-r\.m2\repository\org\slf4j\slf4j-api\2.0.7\slf4j-api-2.0.7.jar;C:\Users\gil-r\.m2\repository\jakarta\xml\bind\jakarta.xml.bind-api\4.0.0\jakarta.xml.bind-api-4.0.0.jar;C:\Users\gil-r\.m2\repository\jakarta\activation\jakarta.activation-api\2.1.2\jakarta.activation-api-2.1.2.jar;C:\Users\gil-r\.m2\repository\net\minidev\json-smart\2.4.11\json-smart-2.4.11.jar;C:\Users\gil-r\.m2\repository\net\minidev\accessors-smart\2.4.11\accessors-smart-2.4.11.jar;C:\Users\gil-r\.m2\repository\org\ow2\asm\asm\9.3\asm-9.3.jar;C:\Users\gil-r\.m2\repository\org\assertj\assertj-core\3.24.2\assertj-core-3.24.2.jar;C:\Users\gil-r\.m2\repository\net\bytebuddy\byte-buddy\1.14.5\byte-buddy-1.14.5.jar;C:\Users\gil-r\.m2\repository\org\hamcrest\hamcrest\2.2\hamcrest-2.2.jar;C:\Users\gil-r\.m2\repository\org\junit\jupiter\junit-jupiter\5.9.3\junit-jupiter-5.9.3.jar;C:\Users\gil-r\.m2\repository\org\junit\jupiter\junit-jupiter-api\5.9.3\junit-jupiter-api-5.9.3.jar;C:\Users\gil-r\.m2\repository\org\opentest4j\opentest4j\1.2.0\opentest4j-1.2.0.jar;C:\Users\gil-r\.m2\repository\org\junit\platform\junit-platform-commons\1.9.3\junit-platform-commons-1.9.3.jar;C:\Users\gil-r\.m2\repository\org\apiguardian\apiguardian-api\1.1.2\apiguardian-api-1.1.2.jar;C:\Users\gil-r\.m2\repository\org\junit\jupiter\junit-jupiter-params\5.9.3\junit-jupiter-params-5.9.3.jar;C:\Users\gil-r\.m2\repository\org\junit\jupiter\junit-jupiter-engine\5.9.3\junit-jupiter-engine-5.9.3.jar;C:\Users\gil-r\.m2\repository\org\junit\platform\junit-platform-engine\1.9.3\junit-platform-engine-1.9.3.jar;C:\Users\gil-r\.m2\repository\org\mockito\mockito-core\5.3.1\mockito-core-5.3.1.jar;C:\Users\gil-r\.m2\repository\net\bytebuddy\byte-buddy-agent\1.14.5\byte-buddy-agent-1.14.5.jar;C:\Users\gil-r\.m2\repository\org\objenesis\objenesis\3.3\objenesis-3.3.jar;C:\Users\gil-r\.m2\repository\org\mockito\mockito-junit-jupiter\5.3.1\mockito-junit-jupiter-5.3.1.jar;C:\Users\gil-r\.m2\repository\org\skyscreamer\jsonassert\1.5.1\jsonassert-1.5.1.jar;C:\Users\gil-r\.m2\repository\com\vaadin\external\google\android-json\0.0.20131108.vaadin1\android-json-0.0.20131108.vaadin1.jar;C:\Users\gil-r\.m2\repository\org\springframework\spring-core\6.0.11\spring-core-6.0.11.jar;C:\Users\gil-r\.m2\repository\org\springframework\spring-jcl\6.0.11\spring-jcl-6.0.11.jar;C:\Users\gil-r\.m2\repository\org\springframework\spring-test\6.0.11\spring-test-6.0.11.jar;C:\Users\gil-r\.m2\repository\org\xmlunit\xmlunit-core\2.9.1\xmlunit-core-2.9.1.jar;"/>
    <property name="sun.cpu.endian" value="little"/>
    <property name="user.home" value="C:\Users\gil-r"/>
    <property name="user.language" value="pt"/>
    <property name="java.specification.vendor" value="Oracle Corporation"/>
    <property name="java.version.date" value="2022-09-20"/>
    <property name="java.home" value="D:\workarea\java_config\jdk19"/>
    <property name="file.separator" value="\"/>
    <property name="basedir" value="D:\workarea\github\service-upload-arquivo-s3"/>
    <property name="java.vm.compressedOopsMode" value="32-bit"/>
    <property name="line.separator" value="&#10;"/>
    <property name="java.vm.specification.vendor" value="Oracle Corporation"/>
    <property name="java.specification.name" value="Java Platform API Specification"/>
    <property name="FILE_LOG_CHARSET" value="UTF-8"/>
    <property name="java.awt.headless" value="true"/>
    <property name="surefire.real.class.path" value="C:\Users\gil-r\AppData\Local\Temp\surefire18364318662845699871\surefirebooter-20230806202803939_3.jar"/>
    <property name="user.script" value=""/>
    <property name="sun.management.compiler" value="HotSpot 64-Bit Tiered Compilers"/>
    <property name="java.runtime.version" value="19+36-2238"/>
    <property name="user.name" value="gil-r"/>
    <property name="stdout.encoding" value="Cp1252"/>
    <property name="path.separator" value=";"/>
    <property name="os.version" value="10.0"/>
    <property name="java.runtime.name" value="OpenJDK Runtime Environment"/>
    <property name="file.encoding" value="UTF-8"/>
    <property name="java.vm.name" value="OpenJDK 64-Bit Server VM"/>
    <property name="localRepository" value="C:\Users\gil-r\.m2\repository"/>
    <property name="java.vendor.url.bug" value="https://bugreport.java.com/bugreport/"/>
    <property name="java.io.tmpdir" value="C:\Users\gil-r\AppData\Local\Temp\"/>
    <property name="idea.version" value="2022.2.3"/>
    <property name="java.version" value="19"/>
    <property name="user.dir" value="D:\workarea\github\service-upload-arquivo-s3"/>
    <property name="os.arch" value="amd64"/>
    <property name="java.vm.specification.name" value="Java Virtual Machine Specification"/>
    <property name="PID" value="13624"/>
    <property name="sun.os.patch.level" value=""/>
    <property name="CONSOLE_LOG_CHARSET" value="UTF-8"/>
    <property name="native.encoding" value="Cp1252"/>
    <property name="java.library.path" value="D:\workarea\java_config\jdk19\bin;C:\WINDOWS\Sun\Java\bin;C:\WINDOWS\system32;C:\WINDOWS;C:\WINDOWS\system32;C:\WINDOWS;C:\WINDOWS\System32\Wbem;C:\WINDOWS\System32\WindowsPowerShell\v1.0\;C:\WINDOWS\System32\OpenSSH\;D:\Program Files\nodejs\;C:\ProgramData\chocolatey\bin;C:\Program Files\Amazon\AWSCLIV2\;C:\Program Files\Go\bin;D:\Program Files\Git\cmd;D:\Program Files\Git\mingw64\bin;D:\Program Files\Git\usr\bin;C:\Program Files\Docker\Docker\resources\bin;C:\Program Files\PowerShell\7\;C:\Users\gil-r\AppData\Local\Microsoft\WindowsApps;;C:\Users\gil-r\AppData\Local\Programs\Microsoft VS Code\bin;D:\Program Files\JetBrains\IntelliJ IDEA Community Edition 2022.2.3\bin;;C:\Users\gil-r\AppData\Roaming\npm;C:\Users\gil-r\go\bin;."/>
    <property name="java.vm.info" value="mixed mode, sharing"/>
    <property name="stderr.encoding" value="Cp1252"/>
    <property name="java.vendor" value="Oracle Corporation"/>
    <property name="java.vm.version" value="19+36-2238"/>
    <property name="sun.io.unicode.encoding" value="UnicodeLittle"/>
    <property name="java.class.version" value="63.0"/>
  </properties>
  <testcase name="contextLoads" classname="com.gisiona.serviceuploadarquivos3.ServiceUploadArquivoS3ApplicationTests" time="1.593">
    <system-out><![CDATA[Standard Commons Logging discovery in action with spring-jcl: please remove commons-logging.jar from classpath in order to avoid potential conflicts
20:28:07.095 [main] INFO org.springframework.test.context.support.AnnotationConfigContextLoaderUtils -- Could not detect default configuration classes for test class [com.gisiona.serviceuploadarquivos3.ServiceUploadArquivoS3ApplicationTests]: ServiceUploadArquivoS3ApplicationTests does not declare any static, non-private, non-final, nested classes annotated with @Configuration.
20:28:07.255 [main] INFO org.springframework.boot.test.context.SpringBootTestContextBootstrapper -- Found @SpringBootConfiguration com.gisiona.serviceuploadarquivos3.ServiceUploadArquivoS3Application for test class com.gisiona.serviceuploadarquivos3.ServiceUploadArquivoS3ApplicationTests

  .   ____          _            __ _ _
 /\\ / ___'_ __ _ _(_)_ __  __ _ \ \ \ \
( ( )\___ | '_ | '_| | '_ \/ _` | \ \ \ \
 \\/  ___)| |_)| | | | | || (_| |  ) ) ) )
  '  |____| .__|_| |_|_| |_\__, | / / / /
 =========|_|==============|___/=/_/_/_/
 :: Spring Boot ::                (v3.1.2)

2023-08-06T20:28:08.079-03:00  INFO 13624 --- [           main] s.ServiceUploadArquivoS3ApplicationTests : Starting ServiceUploadArquivoS3ApplicationTests using Java 19 with PID 13624 (started by gil-r in D:\workarea\github\service-upload-arquivo-s3)
2023-08-06T20:28:08.080-03:00  INFO 13624 --- [           main] s.ServiceUploadArquivoS3ApplicationTests : No active profile set, falling back to 1 default profile: "default"
2023-08-06T20:28:09.173-03:00  INFO 13624 --- [           main] o.s.cloud.context.scope.GenericScope     : BeanFactory id=31a0254d-80dd-34e5-be32-0a1f9c10b8e4
2023-08-06T20:28:11.022-03:00  INFO 13624 --- [           main] s.ServiceUploadArquivoS3ApplicationTests : Started ServiceUploadArquivoS3ApplicationTests in 3.572 seconds (process running for 5.584)
]]></system-out>
  </testcase>
</testsuite>